{"name":"test003","id":"crudtest.ProductCRUDTest:test003","testCaseName":"crudtest.ProductCRUDTest","testSteps":[{"number":1,"description":"Updating store information with storeId: 43900, firstName: Duracel1161330-updated-battery, lastName: max, email: ABC, programme: asdf and courses: AAA","duration":71,"startTime":"2023-08-06T22:50:41.957+01:00[Europe/London]","result":"SUCCESS","precondition":false,"children":[{"number":2,"description":"PATCH http://localhost:3030/products/products/43900\r\r","duration":0,"startTime":"2023-08-06T22:50:42.027+01:00[Europe/London]","result":"SUCCESS","restQuery":{"method":"PATCH","path":"http://localhost:3030/products/products/43900\r\r","content":"{\"name\":\"Duracel1161330-updated-battery\",\"type\":\"max\",\"price\":10,\"upc\":\"ABC\",\"shipping\":20,\"model\":\"AAA\",\"description\":\"asdf\",\"manufacturer\":null}\r","contentType":"text/plain","requestHeaders":"Accept\u003dapplication/json\r\n\t\t\t\tContent-Type\u003dtext/plain; charset\u003dISO-8859-1\r\r","requestCookies":"\r\r","responseHeaders":"X-Powered-By: Express\nAccess-Control-Allow-Origin: *\nContent-Type: application/json; charset\u003dutf-8\nContent-Length: 93\nETag: W/\"5d-QoCLoYQbBZvX9r0oLMz0KatYCKI\"\nVary: Accept-Encoding\nDate: Sun, 06 Aug 2023 21:50:42 GMT\nConnection: keep-alive\r","responseCookies":"\r","responseBody":"{\n    \"name\": \"NotFound\",\n    \"message\": \"Page not found\",\n    \"code\": 404,\n    \"className\": \"not-found\",\n    \"errors\": {\n        \n    }\n}","statusCode":404},"precondition":false}]}],"userStory":{"id":"crudtest.ProductCRUDTest","storyName":"Product CRUD test","storyClassName":"crudtest.ProductCRUDTest","path":"crudtest","type":"story"},"featureTag":{"name":"Product CRUD test","type":"story"},"title":"Update the user information and verify the updated information","tags":[{"name":"Product CRUD test","type":"story"}],"startTime":"2023-08-06T22:50:41.955+01:00[Europe/London]","duration":103,"testFailureCause":{"errorType":"java.lang.AssertionError","message":"1 expectation failed.\nExpected status code \u003c200\u003e but was \u003c404\u003e.\n","stackTrace":[{"declaringClass":"io.restassured.internal.ResponseSpecificationImpl","methodName":"validateResponseIfRequired","fileName":"ResponseSpecificationImpl.groovy","lineNumber":636},{"declaringClass":"io.restassured.internal.ResponseSpecificationImpl","methodName":"statusCode","fileName":"ResponseSpecificationImpl.groovy","lineNumber":122},{"declaringClass":"io.restassured.internal.ResponseSpecificationImpl","methodName":"statusCode","fileName":"ResponseSpecificationImpl.groovy","lineNumber":130},{"declaringClass":"io.restassured.internal.ValidatableResponseOptionsImpl","methodName":"statusCode","fileName":"ValidatableResponseOptionsImpl.java","lineNumber":117},{"declaringClass":"crudtest.ProductCRUDTest","methodName":"test003","fileName":"ProductCRUDTest.java","lineNumber":61}]},"testFailureClassname":"java.lang.AssertionError","testFailureMessage":"1 expectation failed.\nExpected status code \u003c200\u003e but was \u003c404\u003e.\n","testFailureSummary":"FAILURE;java.lang.AssertionError;1 expectation failed.\nExpected status code \u003c200\u003e but was \u003c404\u003e.\n;ResponseSpecificationImpl.groovy","projectKey":"","annotatedResult":"FAILURE","manual":false,"testSource":"JUnit","result":"FAILURE"}