<?xml version="1.0" encoding="UTF-8"?><testsuite errors="0" failures="2" name="crudtest.ProductCRUDTest" skipped="0" tests="4" time="8.64" timestamp="2023-08-06T22:50:33.378+01:00[Europe/London]"><testcase classname="crudtest.ProductCRUDTest" name="This will create new product"/><testcase classname="crudtest.ProductCRUDTest" name="Verify if the student was added to the application"/><testcase classname="crudtest.ProductCRUDTest" name="Update the user information and verify the updated information"><failure message="1 expectation failed.&#10;Expected status code &lt;200&gt; but was &lt;404&gt;.&#10;" type="java.lang.AssertionError">1 expectation failed.
Expected status code &lt;200&gt; but was &lt;404&gt;.
</failure><system-err>1 expectation failed.
Expected status code &lt;200&gt; but was &lt;404&gt;.
&#13;
io.restassured.internal.ResponseSpecificationImpl.validateResponseIfRequired(ResponseSpecificationImpl.groovy:636)&#13;
io.restassured.internal.ResponseSpecificationImpl.statusCode(ResponseSpecificationImpl.groovy:122)&#13;
io.restassured.internal.ResponseSpecificationImpl.statusCode(ResponseSpecificationImpl.groovy:130)&#13;
io.restassured.internal.ValidatableResponseOptionsImpl.statusCode(ValidatableResponseOptionsImpl.java:117)&#13;
crudtest.ProductCRUDTest.test003(ProductCRUDTest.java:61)&#13;
</system-err></testcase><testcase classname="crudtest.ProductCRUDTest" name="Delete the student and verify if the student is deleted!"><failure message="1 expectation failed.&#10;Expected status code &lt;401&gt; but was &lt;404&gt;.&#10;" type="java.lang.AssertionError">1 expectation failed.
Expected status code &lt;401&gt; but was &lt;404&gt;.
</failure><system-err>1 expectation failed.
Expected status code &lt;401&gt; but was &lt;404&gt;.
&#13;
io.restassured.internal.ResponseSpecificationImpl.validateResponseIfRequired(ResponseSpecificationImpl.groovy:636)&#13;
io.restassured.internal.ResponseSpecificationImpl.statusCode(ResponseSpecificationImpl.groovy:122)&#13;
io.restassured.internal.ResponseSpecificationImpl.statusCode(ResponseSpecificationImpl.groovy:130)&#13;
io.restassured.internal.ValidatableResponseOptionsImpl.statusCode(ValidatableResponseOptionsImpl.java:117)&#13;
crudtest.ProductCRUDTest.test004(ProductCRUDTest.java:69)&#13;
</system-err></testcase></testsuite>